<?xml version="1.0" encoding="UTF-8"?>
<!-- Generated by org.testng.reporters.JUnitXMLReporter -->
<testsuite hostname="DESKTOP-FTB2NQO" ignored="0" name="Default test" tests="4" failures="0" timestamp="24 Aug 2019 20:57:25 GMT" time="18.965" errors="0">
  <testcase name="registration" time="4.569" classname="testNG.webTest"/>
  <testcase name="login" time="3.92" classname="testNG.webTest"/>
  <testcase name="findingFlights" time="1.628" classname="testNG.webTest"/>
  <testcase name="bookingFlights" time="1.656" classname="testNG.webTest"/>
</testsuite> <!-- Default test -->
