<?xml version="1.0" encoding="UTF-8"?>
<!-- Generated by org.testng.reporters.JUnitXMLReporter -->
<testsuite hostname="DESKTOP-FTB2NQO" ignored="0" name="Default test" tests="10" failures="0" timestamp="24 Aug 2019 21:26:07 GMT" time="159.961" errors="0">
  <testcase name="registration" time="19.498" classname="testNG.webTest"/>
  <testcase name="login" time="9.121" classname="testNG.webTest"/>
  <testcase name="findingFlights" time="12.913" classname="testNG.webTest"/>
  <testcase name="bookingFlights" time="4.907" classname="testNG.webTest"/>
  <testcase name="confirmingFlights" time="14.348" classname="testNG.webTest"/>
  <testcase name="billingAddress" time="12.01" classname="testNG.webTest"/>
  <testcase name="deliveryAddress" time="15.326" classname="testNG.webTest"/>
  <testcase name="logOut" time="2.279" classname="testNG.webTest"/>
  <testcase name="signIn" time="32.206" classname="testNG.webTest"/>
  <testcase name="cancelReservation" time="30.043" classname="testNG.webTest"/>
</testsuite> <!-- Default test -->
