<?xml version="1.0" encoding="UTF-8"?>
<testng-results skipped="0" failed="0" ignored="0" total="1" passed="1">
  <reporter-output>
  </reporter-output>
  <suite name="Default suite" duration-ms="11514" started-at="2019-08-24T20:42:00Z" finished-at="2019-08-24T20:42:12Z">
    <groups>
    </groups>
    <test name="Default test" duration-ms="11514" started-at="2019-08-24T20:42:00Z" finished-at="2019-08-24T20:42:12Z">
      <class name="testNG.webTest">
        <test-method status="PASS" signature="before()[pri:0, instance:testNG.webTest@14acaea5]" name="before" is-config="true" duration-ms="6946" started-at="2019-08-24T20:42:00Z" finished-at="2019-08-24T20:42:07Z">
          <reporter-output>
          </reporter-output>
        </test-method> <!-- before -->
        <test-method status="PASS" signature="registration()[pri:0, instance:testNG.webTest@14acaea5]" name="registration" duration-ms="4424" started-at="2019-08-24T20:42:07Z" finished-at="2019-08-24T20:42:12Z">
          <reporter-output>
          </reporter-output>
        </test-method> <!-- registration -->
        <test-method status="PASS" signature="after()[pri:0, instance:testNG.webTest@14acaea5]" name="after" is-config="true" duration-ms="116" started-at="2019-08-24T20:42:12Z" finished-at="2019-08-24T20:42:12Z">
          <reporter-output>
          </reporter-output>
        </test-method> <!-- after -->
      </class> <!-- testNG.webTest -->
    </test> <!-- Default test -->
  </suite> <!-- Default suite -->
</testng-results>
